<?xml version="1.0" encoding="UTF-8"?>
<!-- Generated by org.testng.reporters.JUnitReportReporter -->
<testsuite hostname="DESKTOP-5HVL8S7" failures="0" tests="1" name="com.ssdevops.devopsproj.NewTest" time="0.786" errors="0" timestamp="2022-02-26T02:58:33 SGT" skipped="0">
  <testcase classname="com.ssdevops.devopsproj.NewTest" name="checkeditnote" time="0.786"/>
</testsuite> <!-- com.ssdevops.devopsproj.NewTest -->
